app/build/intermediates/manifest_merge_blame_file/debug/manifest-merger-blame-debug-report.txt
1<?xml version="1.0" encoding="utf-8"?>
2<manifest xmlns:android="http://schemas.android.com/apk/res/android"
3    package="de.dertyp7214.appupdatertest"
4    android:versionCode="1"
5    android:versionName="1.0" >
6
7    <uses-sdk
8        android:minSdkVersion="21"
8-->src\main\AndroidManifest.xml
9        android:targetSdkVersion="29" />
9-->src\main\AndroidManifest.xml
10
11    <uses-permission android:name="android.permission.INTERNET" />
11-->[:appupdater] AndroidManifest.xml:12:5-67
11-->[:appupdater] AndroidManifest.xml:12:22-64
12    <uses-permission android:name="android.permission.WRITE_EXTERNAL_STORAGE" />
12-->[:appupdater] AndroidManifest.xml:13:5-81
12-->[:appupdater] AndroidManifest.xml:13:22-78
13    <uses-permission android:name="android.permission.READ_EXTERNAL_STORAGE" />
13-->[:appupdater] AndroidManifest.xml:14:5-80
13-->[:appupdater] AndroidManifest.xml:14:22-77
14    <uses-permission android:name="android.permission.REQUEST_INSTALL_PACKAGES" />
14-->[:appupdater] AndroidManifest.xml:15:5-83
14-->[:appupdater] AndroidManifest.xml:15:22-80
15
16    <application
16-->src\main\AndroidManifest.xml:5:5-20:19
17        android:allowBackup="true"
17-->src\main\AndroidManifest.xml:6:9-35
18        android:appComponentFactory="androidx.core.app.CoreComponentFactory"
18-->[androidx.core:core:1.1.0] AndroidManifest.xml:24:18-86
19        android:debuggable="true"
20        android:icon="@mipmap/ic_launcher"
20-->src\main\AndroidManifest.xml:7:9-43
21        android:label="@string/app_name"
21-->src\main\AndroidManifest.xml:8:9-41
22        android:networkSecurityConfig="@xml/network_security_config"
22-->[:appupdater] AndroidManifest.xml:18:9-69
23        android:roundIcon="@mipmap/ic_launcher_round"
23-->src\main\AndroidManifest.xml:9:9-54
24        android:supportsRtl="true"
24-->src\main\AndroidManifest.xml:10:9-35
25        android:testOnly="true"
26        android:theme="@style/AppTheme" >
26-->src\main\AndroidManifest.xml:11:9-40
27        <activity android:name="de.dertyp7214.appupdatertest.MainActivity" >
27-->src\main\AndroidManifest.xml:12:9-18:20
27-->src\main\AndroidManifest.xml:12:19-47
28            <intent-filter>
28-->src\main\AndroidManifest.xml:13:13-17:29
29                <action android:name="android.intent.action.MAIN" />
29-->src\main\AndroidManifest.xml:14:17-69
29-->src\main\AndroidManifest.xml:14:25-66
30
31                <category android:name="android.intent.category.LAUNCHER" />
31-->src\main\AndroidManifest.xml:16:17-77
31-->src\main\AndroidManifest.xml:16:27-74
32            </intent-filter>
33        </activity>
34        <activity
34-->src\main\AndroidManifest.xml:19:9-108
35            android:name="de.dertyp7214.appupdater.Updater"
35-->src\main\AndroidManifest.xml:19:19-66
36            android:theme="@style/AppUpdaterTheme" />
36-->src\main\AndroidManifest.xml:19:67-105
37
38        <provider
38-->[:appupdater] AndroidManifest.xml:24:9-32:20
39            android:name="de.dertyp7214.appupdater.GenericFileProvider"
39-->[:appupdater] AndroidManifest.xml:25:13-72
40            android:authorities="de.dertyp7214.appupdatertest.fileprovider"
40-->[:appupdater] AndroidManifest.xml:26:13-64
41            android:exported="false"
41-->[:appupdater] AndroidManifest.xml:27:13-37
42            android:grantUriPermissions="true" >
42-->[:appupdater] AndroidManifest.xml:28:13-47
43            <meta-data
43-->[:appupdater] AndroidManifest.xml:29:13-31:58
44                android:name="android.support.FILE_PROVIDER_PATHS"
44-->[:appupdater] AndroidManifest.xml:30:17-67
45                android:resource="@xml/provider_paths" />
45-->[:appupdater] AndroidManifest.xml:31:17-55
46        </provider>
47    </application>
48
49</manifest>